0 info it worked if it ends with ok
1 verbose cli [ '/usr/bin/node', '/usr/bin/npm', 'run', 'dev' ]
2 info using npm@3.6.0
3 info using node@v5.5.0
4 verbose run-script [ 'predev', 'dev', 'postdev' ]
5 info lifecycle wg-tools@0.0.1~predev: wg-tools@0.0.1
6 silly lifecycle wg-tools@0.0.1~predev: no script for predev, continuing
7 info lifecycle wg-tools@0.0.1~dev: wg-tools@0.0.1
8 verbose lifecycle wg-tools@0.0.1~dev: unsafe-perm in lifecycle true
9 verbose lifecycle wg-tools@0.0.1~dev: PATH: /usr/lib/node_modules/npm/bin/node-gyp-bin:/home/flx/workspace/wg-tools/react-frontend/node_modules/.bin:/home/flx/Downloads/gcloud/google-cloud-sdk/bin:/usr/local/sbin:/usr/local/bin:/usr/bin:/opt/android-sdk/platform-tools:/opt/android-sdk/tools:/usr/lib/jvm/default/bin:/usr/bin/site_perl:/usr/bin/vendor_perl:/usr/bin/core_perl:/usr/local/sbin:/usr/local/bin:/usr/bin:/opt/java/bin:/opt/java/db/bin:/opt/java/jre/bin:/usr/bin/core_perl
10 verbose lifecycle wg-tools@0.0.1~dev: CWD: /home/flx/workspace/wg-tools/react-frontend
11 silly lifecycle wg-tools@0.0.1~dev: Args: [ '-c', 'NODE_ENV=development node expressServer.js' ]
12 silly lifecycle wg-tools@0.0.1~dev: Returned: code: 1  signal: null
13 info lifecycle wg-tools@0.0.1~dev: Failed to exec dev script
14 verbose stack Error: wg-tools@0.0.1 dev: `NODE_ENV=development node expressServer.js`
14 verbose stack Exit status 1
14 verbose stack     at EventEmitter.<anonymous> (/usr/lib/node_modules/npm/lib/utils/lifecycle.js:232:16)
14 verbose stack     at emitTwo (events.js:100:13)
14 verbose stack     at EventEmitter.emit (events.js:185:7)
14 verbose stack     at ChildProcess.<anonymous> (/usr/lib/node_modules/npm/lib/utils/spawn.js:24:14)
14 verbose stack     at emitTwo (events.js:100:13)
14 verbose stack     at ChildProcess.emit (events.js:185:7)
14 verbose stack     at maybeClose (internal/child_process.js:821:16)
14 verbose stack     at Process.ChildProcess._handle.onexit (internal/child_process.js:211:5)
15 verbose pkgid wg-tools@0.0.1
16 verbose cwd /home/flx/workspace/wg-tools/react-frontend
17 error Linux 4.3.3-3-ARCH
18 error argv "/usr/bin/node" "/usr/bin/npm" "run" "dev"
19 error node v5.5.0
20 error npm  v3.6.0
21 error code ELIFECYCLE
22 error wg-tools@0.0.1 dev: `NODE_ENV=development node expressServer.js`
22 error Exit status 1
23 error Failed at the wg-tools@0.0.1 dev script 'NODE_ENV=development node expressServer.js'.
23 error Make sure you have the latest version of node.js and npm installed.
23 error If you do, this is most likely a problem with the wg-tools package,
23 error not with npm itself.
23 error Tell the author that this fails on your system:
23 error     NODE_ENV=development node expressServer.js
23 error You can get information on how to open an issue for this project with:
23 error     npm bugs wg-tools
23 error Or if that isn't available, you can get their info via:
23 error     npm owner ls wg-tools
23 error There is likely additional logging output above.
24 verbose exit [ 1, true ]
